#
# There is insufficient memory for the Java Runtime Environment to continue.
# Native memory allocation (malloc) failed to allocate 1905744 bytes for Chunk::new
# Possible reasons:
#   The system is out of physical RAM or swap space
#   The process is running with CompressedOops enabled, and the Java Heap may be blocking the growth of the native heap
# Possible solutions:
#   Reduce memory load on the system
#   Increase physical memory or swap space
#   Check if swap backing store is full
#   Decrease Java heap size (-Xmx/-Xms)
#   Decrease number of Java threads
#   Decrease Java thread stack sizes (-Xss)
#   Set larger code cache with -XX:ReservedCodeCacheSize=
#   JVM is running with Zero Based Compressed Oops mode in which the Java heap is
#     placed in the first 32GB address space. The Java Heap base address is the
#     maximum limit for the native heap growth. Please use -XX:HeapBaseMinAddress
#     to set the Java Heap base and to place the Java Heap above 32GB virtual address.
# This output file may be truncated or incomplete.
#
#  Out of Memory Error (arena.cpp:168), pid=15180, tid=18140
#
# JRE version: Java(TM) SE Runtime Environment (21.0.7+8) (build 21.0.7+8-LTS-245)
# Java VM: Java HotSpot(TM) 64-Bit Server VM (21.0.7+8-LTS-245, mixed mode, sharing, tiered, compressed oops, compressed class ptrs, g1 gc, windows-amd64)
# No core dump will be written. Minidumps are not enabled by default on client versions of Windows
#

---------------  S U M M A R Y ------------

Command Line: -javaagent:C:\Program Files\JetBrains\IntelliJ IDEA 2025.2\lib\idea_rt.jar=61269 -Dfile.encoding=UTF-8 -Dsun.stdout.encoding=UTF-8 -Dsun.stderr.encoding=UTF-8 Myproject.product_service.ProductServiceApplication

Host: 11th Gen Intel(R) Core(TM) i5-11260H @ 2.60GHz, 12 cores, 15G,  Windows 11 , 64 bit Build 22000 (10.0.22000.2538)
Time: Sun Oct 19 21:06:48 2025 SE Asia Standard Time elapsed time: 324.295380 seconds (0d 0h 5m 24s)

---------------  T H R E A D  ---------------

Current thread (0x000001dc166f39a0):  JavaThread "C2 CompilerThread0" daemon [_thread_in_native, id=18140, stack(0x000000ae21500000,0x000000ae21600000) (1024K)]


Current CompileTask:
C2: 324295 13222       4       org.hibernate.query.sqm.internal.ConcreteSqmSelectQueryPlan::performList (35 bytes)

Stack: [0x000000ae21500000,0x000000ae21600000]
Native frames: (J=compiled Java code, j=interpreted, Vv=VM code, C=native code)
V  [jvm.dll+0x6cae19]
V  [jvm.dll+0x855741]
V  [jvm.dll+0x857c6e]
V  [jvm.dll+0x858343]
V  [jvm.dll+0x27e0b6]
V  [jvm.dll+0xc4ecd]
V  [jvm.dll+0xc5403]
V  [jvm.dll+0x3b578c]
V  [jvm.dll+0x1dfa19]
V  [jvm.dll+0x246c82]
V  [jvm.dll+0x24610f]
V  [jvm.dll+0x1c6efe]
V  [jvm.dll+0x255819]
V  [jvm.dll+0x253daa]
V  [jvm.dll+0x3eebb6]
V  [jvm.dll+0x7ffa1b]
V  [jvm.dll+0x6c94fd]
C  [ucrtbase.dll+0x26c0c]
C  [KERNEL32.DLL+0x153e0]
C  [ntdll.dll+0x485b]


---------------  P R O C E S S  ---------------

Threads class SMR info:
_java_thread_list=0x000001dc5df2bf30, length=34, elements={
0x000001dc166ddc80, 0x000001dc166deb90, 0x000001dc166e6d20, 0x000001dc166e7e20,
0x000001dc166e9880, 0x000001dc166ea400, 0x000001dc166f39a0, 0x000001dc166f9a70,
0x000001dc166b6fc0, 0x000001dc5c207cd0, 0x000001dc5c12f740, 0x000001dc601f8980,
0x000001dc16bd4720, 0x000001dc16c70b50, 0x000001dc5cd82700, 0x000001dc6273bbc0,
0x000001dc6273c250, 0x000001dc6273c8e0, 0x000001dc6273d600, 0x000001dc6273a180,
0x000001dc6273aea0, 0x000001dc6013b6f0, 0x000001dc6013bd80, 0x000001dc6013de50,
0x000001dc6013caa0, 0x000001dc6013e4e0, 0x000001dc6013c410, 0x000001dc6013b060,
0x000001dc6013d130, 0x000001dc6013d7c0, 0x000001dc604e2060, 0x000001dc604df270,
0x000001dc5de083e0, 0x000001dc5de08ab0
}

Java Threads: ( => current thread )
  0x000001dc166ddc80 JavaThread "Reference Handler"          daemon [_thread_blocked, id=25144, stack(0x000000ae20f00000,0x000000ae21000000) (1024K)]
  0x000001dc166deb90 JavaThread "Finalizer"                  daemon [_thread_blocked, id=17184, stack(0x000000ae21000000,0x000000ae21100000) (1024K)]
  0x000001dc166e6d20 JavaThread "Signal Dispatcher"          daemon [_thread_blocked, id=27476, stack(0x000000ae21100000,0x000000ae21200000) (1024K)]
  0x000001dc166e7e20 JavaThread "Attach Listener"            daemon [_thread_blocked, id=18844, stack(0x000000ae21200000,0x000000ae21300000) (1024K)]
  0x000001dc166e9880 JavaThread "Service Thread"             daemon [_thread_blocked, id=17952, stack(0x000000ae21300000,0x000000ae21400000) (1024K)]
  0x000001dc166ea400 JavaThread "Monitor Deflation Thread"   daemon [_thread_blocked, id=12956, stack(0x000000ae21400000,0x000000ae21500000) (1024K)]
=>0x000001dc166f39a0 JavaThread "C2 CompilerThread0"         daemon [_thread_in_native, id=18140, stack(0x000000ae21500000,0x000000ae21600000) (1024K)]
  0x000001dc166f9a70 JavaThread "C1 CompilerThread0"         daemon [_thread_blocked, id=17996, stack(0x000000ae21600000,0x000000ae21700000) (1024K)]
  0x000001dc166b6fc0 JavaThread "Common-Cleaner"             daemon [_thread_blocked, id=21268, stack(0x000000ae21700000,0x000000ae21800000) (1024K)]
  0x000001dc5c207cd0 JavaThread "Monitor Ctrl-Break"         daemon [_thread_in_native, id=18392, stack(0x000000ae21900000,0x000000ae21a00000) (1024K)]
  0x000001dc5c12f740 JavaThread "Notification Thread"        daemon [_thread_blocked, id=26860, stack(0x000000ae21a00000,0x000000ae21b00000) (1024K)]
  0x000001dc601f8980 JavaThread "Catalina-utility-1"                [_thread_blocked, id=7900, stack(0x000000ae22400000,0x000000ae22500000) (1024K)]
  0x000001dc16bd4720 JavaThread "Catalina-utility-2"                [_thread_blocked, id=29088, stack(0x000000ae22800000,0x000000ae22900000) (1024K)]
  0x000001dc16c70b50 JavaThread "container-0"                       [_thread_blocked, id=13744, stack(0x000000ae22b00000,0x000000ae22c00000) (1024K)]
  0x000001dc5cd82700 JavaThread "mysql-cj-abandoned-connection-cleanup" daemon [_thread_blocked, id=2320, stack(0x000000ae22c00000,0x000000ae22d00000) (1024K)]
  0x000001dc6273bbc0 JavaThread "HikariPool-1:housekeeper"   daemon [_thread_blocked, id=8464, stack(0x000000ae22e00000,0x000000ae22f00000) (1024K)]
  0x000001dc6273c250 JavaThread "File Watcher"               daemon [_thread_blocked, id=13804, stack(0x000000ae23000000,0x000000ae23100000) (1024K)]
  0x000001dc6273c8e0 JavaThread "Live Reload Server"         daemon [_thread_in_native, id=21876, stack(0x000000ae23200000,0x000000ae23300000) (1024K)]
  0x000001dc6273d600 JavaThread "spectator-gauge-polling-0"  daemon [_thread_blocked, id=13480, stack(0x000000ae23300000,0x000000ae23400000) (1024K)]
  0x000001dc6273a180 JavaThread "http-nio-8081-exec-1"       daemon [_thread_blocked, id=9608, stack(0x000000ae23400000,0x000000ae23500000) (1024K)]
  0x000001dc6273aea0 JavaThread "http-nio-8081-exec-2"       daemon [_thread_blocked, id=17508, stack(0x000000ae23500000,0x000000ae23600000) (1024K)]
  0x000001dc6013b6f0 JavaThread "http-nio-8081-exec-3"       daemon [_thread_blocked, id=18136, stack(0x000000ae23600000,0x000000ae23700000) (1024K)]
  0x000001dc6013bd80 JavaThread "http-nio-8081-exec-4"       daemon [_thread_blocked, id=29132, stack(0x000000ae23700000,0x000000ae23800000) (1024K)]
  0x000001dc6013de50 JavaThread "http-nio-8081-exec-5"       daemon [_thread_blocked, id=28552, stack(0x000000ae23800000,0x000000ae23900000) (1024K)]
  0x000001dc6013caa0 JavaThread "http-nio-8081-exec-6"       daemon [_thread_blocked, id=28300, stack(0x000000ae23900000,0x000000ae23a00000) (1024K)]
  0x000001dc6013e4e0 JavaThread "http-nio-8081-exec-7"       daemon [_thread_blocked, id=12252, stack(0x000000ae23a00000,0x000000ae23b00000) (1024K)]
  0x000001dc6013c410 JavaThread "http-nio-8081-exec-8"       daemon [_thread_blocked, id=15068, stack(0x000000ae23b00000,0x000000ae23c00000) (1024K)]
  0x000001dc6013b060 JavaThread "http-nio-8081-exec-9"       daemon [_thread_blocked, id=19180, stack(0x000000ae23c00000,0x000000ae23d00000) (1024K)]
  0x000001dc6013d130 JavaThread "http-nio-8081-exec-10"      daemon [_thread_blocked, id=15376, stack(0x000000ae23d00000,0x000000ae23e00000) (1024K)]
  0x000001dc6013d7c0 JavaThread "http-nio-8081-Poller"       daemon [_thread_in_native, id=24080, stack(0x000000ae23e00000,0x000000ae23f00000) (1024K)]
  0x000001dc604e2060 JavaThread "http-nio-8081-Acceptor"     daemon [_thread_in_native, id=27144, stack(0x000000ae23f00000,0x000000ae24000000) (1024K)]
  0x000001dc604df270 JavaThread "DestroyJavaVM"                     [_thread_blocked, id=15004, stack(0x000000ae20700000,0x000000ae20800000) (1024K)]
  0x000001dc5de083e0 JavaThread "C2 CompilerThread1"         daemon [_thread_blocked, id=23944, stack(0x000000ae20400000,0x000000ae20500000) (1024K)]
  0x000001dc5de08ab0 JavaThread "C2 CompilerThread2"         daemon [_thread_blocked, id=19076, stack(0x000000ae20500000,0x000000ae20600000) (1024K)]
Total: 34

Other Threads:
  0x000001dc166c6770 VMThread "VM Thread"                           [id=27752, stack(0x000000ae20e00000,0x000000ae20f00000) (1024K)]
  0x000001dc166b5120 WatcherThread "VM Periodic Task Thread"        [id=26696, stack(0x000000ae20d00000,0x000000ae20e00000) (1024K)]
  0x000001dc7737f710 WorkerThread "GC Thread#0"                     [id=17636, stack(0x000000ae20800000,0x000000ae20900000) (1024K)]
  0x000001dc5c5a3360 WorkerThread "GC Thread#1"                     [id=8264, stack(0x000000ae21b00000,0x000000ae21c00000) (1024K)]
  0x000001dc5ca02860 WorkerThread "GC Thread#2"                     [id=5536, stack(0x000000ae21c00000,0x000000ae21d00000) (1024K)]
  0x000001dc5c465df0 WorkerThread "GC Thread#3"                     [id=22620, stack(0x000000ae21d00000,0x000000ae21e00000) (1024K)]
  0x000001dc5c66a2d0 WorkerThread "GC Thread#4"                     [id=5788, stack(0x000000ae21e00000,0x000000ae21f00000) (1024K)]
  0x000001dc5c66a670 WorkerThread "GC Thread#5"                     [id=26396, stack(0x000000ae21f00000,0x000000ae22000000) (1024K)]
  0x000001dc5c999500 WorkerThread "GC Thread#6"                     [id=18992, stack(0x000000ae22100000,0x000000ae22200000) (1024K)]
  0x000001dc5d17d590 WorkerThread "GC Thread#7"                     [id=13200, stack(0x000000ae22500000,0x000000ae22600000) (1024K)]
  0x000001dc5d0f9700 WorkerThread "GC Thread#8"                     [id=7156, stack(0x000000ae22600000,0x000000ae22700000) (1024K)]
  0x000001dc5cffc5c0 WorkerThread "GC Thread#9"                     [id=25840, stack(0x000000ae22700000,0x000000ae22800000) (1024K)]
  0x000001dc77391480 ConcurrentGCThread "G1 Main Marker"            [id=22120, stack(0x000000ae20900000,0x000000ae20a00000) (1024K)]
  0x000001dc77391f80 WorkerThread "G1 Conc#0"                       [id=27852, stack(0x000000ae20a00000,0x000000ae20b00000) (1024K)]
  0x000001dc5cffbe80 WorkerThread "G1 Conc#1"                       [id=26732, stack(0x000000ae22900000,0x000000ae22a00000) (1024K)]
  0x000001dc5cffb3a0 WorkerThread "G1 Conc#2"                       [id=9732, stack(0x000000ae22a00000,0x000000ae22b00000) (1024K)]
  0x000001dc16586490 ConcurrentGCThread "G1 Refine#0"               [id=23524, stack(0x000000ae20b00000,0x000000ae20c00000) (1024K)]
  0x000001dc16587000 ConcurrentGCThread "G1 Service"                [id=17716, stack(0x000000ae20c00000,0x000000ae20d00000) (1024K)]
Total: 18

Threads with active compile tasks:
C2 CompilerThread0   324309 13222       4       org.hibernate.query.sqm.internal.ConcreteSqmSelectQueryPlan::performList (35 bytes)
Total: 1

VM state: not at safepoint (normal execution)

VM Mutex/Monitor currently owned by a thread: None

Heap address: 0x0000000704400000, size: 4028 MB, Compressed Oops mode: Zero based, Oop shift amount: 3

CDS archive(s) mapped at: [0x000001dc17000000-0x000001dc17c90000-0x000001dc17c90000), size 13172736, SharedBaseAddress: 0x000001dc17000000, ArchiveRelocationMode: 1.
Compressed class space mapped at: 0x000001dc18000000-0x000001dc58000000, reserved size: 1073741824
Narrow klass base: 0x000001dc17000000, Narrow klass shift: 0, Narrow klass range: 0x100000000

GC Precious Log:
 CardTable entry size: 512
 Card Set container configuration: InlinePtr #cards 4 size 8 Array Of Cards #cards 16 size 48 Howl #buckets 8 coarsen threshold 3686 Howl Bitmap #cards 512 size 80 coarsen threshold 460 Card regions per heap region 1 cards per card region 4096
 CPUs: 12 total, 12 available
 Memory: 16110M
 Large Page Support: Disabled
 NUMA Support: Disabled
 Compressed Oops: Enabled (Zero based)
 Heap Region Size: 2M
 Heap Min Capacity: 8M
 Heap Initial Capacity: 252M
 Heap Max Capacity: 4028M
 Pre-touch: Disabled
 Parallel Workers: 10
 Concurrent Workers: 3
 Concurrent Refinement Workers: 10
 Periodic GC: Disabled

Heap:
 garbage-first heap   total 98304K, used 43803K [0x0000000704400000, 0x0000000800000000)
  region size 2048K, 3 young (6144K), 1 survivors (2048K)
 Metaspace       used 84337K, committed 85120K, reserved 1179648K
  class space    used 10885K, committed 11264K, reserved 1048576K

Heap Regions: E=young(eden), S=young(survivor), O=old, HS=humongous(starts), HC=humongous(continues), CS=collection set, F=free, TAMS=top-at-mark-start, PB=parsable bottom
|   0|0x0000000704400000, 0x0000000704600000, 0x0000000704600000|100%| O|  |TAMS 0x0000000704400000| PB 0x0000000704400000| Untracked 
|   1|0x0000000704600000, 0x0000000704800000, 0x0000000704800000|100%| O|  |TAMS 0x0000000704600000| PB 0x0000000704600000| Untracked 
|   2|0x0000000704800000, 0x0000000704a00000, 0x0000000704a00000|100%| O|  |TAMS 0x0000000704800000| PB 0x0000000704800000| Untracked 
|   3|0x0000000704a00000, 0x0000000704c00000, 0x0000000704c00000|100%| O|  |TAMS 0x0000000704a00000| PB 0x0000000704a00000| Untracked 
|   4|0x0000000704c00000, 0x0000000704e00000, 0x0000000704e00000|100%| O|  |TAMS 0x0000000704c00000| PB 0x0000000704c00000| Untracked 
|   5|0x0000000704e00000, 0x0000000705000000, 0x0000000705000000|100%| O|  |TAMS 0x0000000704e00000| PB 0x0000000704e00000| Untracked 
|   6|0x0000000705000000, 0x0000000705200000, 0x0000000705200000|100%| O|  |TAMS 0x0000000705000000| PB 0x0000000705000000| Untracked 
|   7|0x0000000705200000, 0x0000000705400000, 0x0000000705400000|100%| O|  |TAMS 0x0000000705200000| PB 0x0000000705200000| Untracked 
|   8|0x0000000705400000, 0x0000000705600000, 0x0000000705600000|100%| O|  |TAMS 0x0000000705400000| PB 0x0000000705400000| Untracked 
|   9|0x0000000705600000, 0x0000000705600000, 0x0000000705800000|  0%| F|  |TAMS 0x0000000705600000| PB 0x0000000705600000| Untracked 
|  10|0x0000000705800000, 0x0000000705a00000, 0x0000000705a00000|100%| O|  |TAMS 0x0000000705800000| PB 0x0000000705800000| Untracked 
|  11|0x0000000705a00000, 0x0000000705ab6f80, 0x0000000705c00000| 35%| O|  |TAMS 0x0000000705a00000| PB 0x0000000705a00000| Untracked 
|  12|0x0000000705c00000, 0x0000000705e00000, 0x0000000705e00000|100%| O|  |TAMS 0x0000000705c00000| PB 0x0000000705c00000| Untracked 
|  13|0x0000000705e00000, 0x0000000706000000, 0x0000000706000000|100%| O|  |TAMS 0x0000000705e00000| PB 0x0000000705e00000| Untracked 
|  14|0x0000000706000000, 0x0000000706200000, 0x0000000706200000|100%| O|  |TAMS 0x0000000706000000| PB 0x0000000706000000| Untracked 
|  15|0x0000000706200000, 0x0000000706400000, 0x0000000706400000|100%| O|  |TAMS 0x0000000706200000| PB 0x0000000706200000| Untracked 
|  16|0x0000000706400000, 0x0000000706600000, 0x0000000706600000|100%| O|  |TAMS 0x0000000706400000| PB 0x0000000706400000| Untracked 
|  17|0x0000000706600000, 0x0000000706800000, 0x0000000706800000|100%| O|  |TAMS 0x0000000706600000| PB 0x0000000706600000| Untracked 
|  18|0x0000000706800000, 0x0000000706a00000, 0x0000000706a00000|100%| O|  |TAMS 0x0000000706800000| PB 0x0000000706800000| Untracked 
|  19|0x0000000706a00000, 0x0000000706c00000, 0x0000000706c00000|100%| O|  |TAMS 0x0000000706a00000| PB 0x0000000706a00000| Untracked 
|  20|0x0000000706c00000, 0x0000000706e00000, 0x0000000706e00000|100%| O|  |TAMS 0x0000000706c00000| PB 0x0000000706c00000| Untracked 
|  21|0x0000000706e00000, 0x0000000707000000, 0x0000000707000000|100%| O|  |TAMS 0x0000000706e00000| PB 0x0000000706e00000| Untracked 
|  22|0x0000000707000000, 0x0000000707000000, 0x0000000707200000|  0%| F|  |TAMS 0x0000000707000000| PB 0x0000000707000000| Untracked 
|  23|0x0000000707200000, 0x0000000707200000, 0x0000000707400000|  0%| F|  |TAMS 0x0000000707200000| PB 0x0000000707200000| Untracked 
|  24|0x0000000707400000, 0x000000070740fd20, 0x0000000707600000|  3%| S|CS|TAMS 0x0000000707400000| PB 0x0000000707400000| Complete 
|  25|0x0000000707600000, 0x0000000707600000, 0x0000000707800000|  0%| F|  |TAMS 0x0000000707600000| PB 0x0000000707600000| Untracked 
|  26|0x0000000707800000, 0x0000000707800000, 0x0000000707a00000|  0%| F|  |TAMS 0x0000000707800000| PB 0x0000000707800000| Untracked 
|  27|0x0000000707a00000, 0x0000000707a00000, 0x0000000707c00000|  0%| F|  |TAMS 0x0000000707a00000| PB 0x0000000707a00000| Untracked 
|  28|0x0000000707c00000, 0x0000000707c00000, 0x0000000707e00000|  0%| F|  |TAMS 0x0000000707c00000| PB 0x0000000707c00000| Untracked 
|  29|0x0000000707e00000, 0x0000000707e00000, 0x0000000708000000|  0%| F|  |TAMS 0x0000000707e00000| PB 0x0000000707e00000| Untracked 
|  30|0x0000000708000000, 0x0000000708000000, 0x0000000708200000|  0%| F|  |TAMS 0x0000000708000000| PB 0x0000000708000000| Untracked 
|  31|0x0000000708200000, 0x0000000708200000, 0x0000000708400000|  0%| F|  |TAMS 0x0000000708200000| PB 0x0000000708200000| Untracked 
|  32|0x0000000708400000, 0x0000000708400000, 0x0000000708600000|  0%| F|  |TAMS 0x0000000708400000| PB 0x0000000708400000| Untracked 
|  33|0x0000000708600000, 0x0000000708600000, 0x0000000708800000|  0%| F|  |TAMS 0x0000000708600000| PB 0x0000000708600000| Untracked 
|  34|0x0000000708800000, 0x0000000708800000, 0x0000000708a00000|  0%| F|  |TAMS 0x0000000708800000| PB 0x0000000708800000| Untracked 
|  35|0x0000000708a00000, 0x0000000708a00000, 0x0000000708c00000|  0%| F|  |TAMS 0x0000000708a00000| PB 0x0000000708a00000| Untracked 
|  36|0x0000000708c00000, 0x0000000708c00000, 0x0000000708e00000|  0%| F|  |TAMS 0x0000000708c00000| PB 0x0000000708c00000| Untracked 
|  37|0x0000000708e00000, 0x0000000708e00000, 0x0000000709000000|  0%| F|  |TAMS 0x0000000708e00000| PB 0x0000000708e00000| Untracked 
|  38|0x0000000709000000, 0x0000000709000000, 0x0000000709200000|  0%| F|  |TAMS 0x0000000709000000| PB 0x0000000709000000| Untracked 
|  39|0x0000000709200000, 0x0000000709200000, 0x0000000709400000|  0%| F|  |TAMS 0x0000000709200000| PB 0x0000000709200000| Untracked 
|  40|0x0000000709400000, 0x0000000709400000, 0x0000000709600000|  0%| F|  |TAMS 0x0000000709400000| PB 0x0000000709400000| Untracked 
|  41|0x0000000709600000, 0x0000000709600000, 0x0000000709800000|  0%| F|  |TAMS 0x0000000709600000| PB 0x0000000709600000| Untracked 
|  42|0x0000000709800000, 0x0000000709800000, 0x0000000709a00000|  0%| F|  |TAMS 0x0000000709800000| PB 0x0000000709800000| Untracked 
| 108|0x0000000711c00000, 0x0000000711c00000, 0x0000000711e00000|  0%| F|  |TAMS 0x0000000711c00000| PB 0x0000000711c00000| Untracked 
| 109|0x0000000711e00000, 0x0000000711e00000, 0x0000000712000000|  0%| F|  |TAMS 0x0000000711e00000| PB 0x0000000711e00000| Untracked 
| 110|0x0000000712000000, 0x0000000712000000, 0x0000000712200000|  0%| F|  |TAMS 0x0000000712000000| PB 0x0000000712000000| Untracked 
| 124|0x0000000713c00000, 0x0000000713cc7e90, 0x0000000713e00000| 39%| E|  |TAMS 0x0000000713c00000| PB 0x0000000713c00000| Complete 
| 125|0x0000000713e00000, 0x0000000714000000, 0x0000000714000000|100%| E|CS|TAMS 0x0000000713e00000| PB 0x0000000713e00000| Complete 

Card table byte_map: [0x000001dc0f7e0000,0x000001dc0ffc0000] _byte_map_base: 0x000001dc0bfbe000

Marking Bits: (CMBitMap*) 0x000001dc7737fe10
 Bits: [0x000001dc0ffc0000, 0x000001dc13eb0000)

Polling page: 0x000001dc76ae0000

Metaspace:

Usage:
  Non-class:     71.73 MB used.
      Class:     10.63 MB used.
       Both:     82.36 MB used.

Virtual space:
  Non-class space:      128.00 MB reserved,      72.12 MB ( 56%) committed,  2 nodes.
      Class space:        1.00 GB reserved,      11.00 MB (  1%) committed,  1 nodes.
             Both:        1.12 GB reserved,      83.12 MB (  7%) committed. 

Chunk freelists:
   Non-Class:  7.33 MB
       Class:  5.03 MB
        Both:  12.36 MB

MaxMetaspaceSize: unlimited
CompressedClassSpaceSize: 1.00 GB
Initial GC threshold: 21.00 MB
Current GC threshold: 138.38 MB
CDS: on
 - commit_granule_bytes: 65536.
 - commit_granule_words: 8192.
 - virtual_space_node_default_size: 8388608.
 - enlarge_chunks_in_place: 1.
 - use_allocation_guard: 0.


Internal statistics:

num_allocs_failed_limit: 12.
num_arena_births: 1196.
num_arena_deaths: 0.
num_vsnodes_births: 3.
num_vsnodes_deaths: 0.
num_space_committed: 1330.
num_space_uncommitted: 0.
num_chunks_returned_to_freelist: 12.
num_chunks_taken_from_freelist: 4274.
num_chunk_merges: 12.
num_chunk_splits: 3046.
num_chunks_enlarged: 2309.
num_inconsistent_stats: 0.

CodeHeap 'non-profiled nmethods': size=120000Kb used=6356Kb max_used=8405Kb free=113643Kb
 bounds [0x000001dc07ad0000, 0x000001dc08310000, 0x000001dc0f000000]
CodeHeap 'profiled nmethods': size=120000Kb used=5503Kb max_used=23375Kb free=114496Kb
 bounds [0x000001dc00000000, 0x000001dc016e0000, 0x000001dc07530000]
CodeHeap 'non-nmethods': size=5760Kb used=1953Kb max_used=2002Kb free=3806Kb
 bounds [0x000001dc07530000, 0x000001dc077a0000, 0x000001dc07ad0000]
 total_blobs=3616 nmethods=2867 adapters=652
 compilation: enabled
              stopped_count=0, restarted_count=0
 full_count=0

Compilation events (20 events):
Event: 324.253 Thread 0x000001dc5de08ab0 13232       4       java.util.stream.ReferencePipeline::findFirst (12 bytes)
Event: 324.253 Thread 0x000001dc5de083e0 nmethod 13233 0x000001dc07bb5990 code [0x000001dc07bb5b20, 0x000001dc07bb5ba8]
Event: 324.253 Thread 0x000001dc5de083e0 13223       4       org.hibernate.query.spi.QueryOptions::getEffectiveLimit (19 bytes)
Event: 324.254 Thread 0x000001dc5de083e0 nmethod 13223 0x000001dc07bb9a10 code [0x000001dc07bb9ba0, 0x000001dc07bb9c68]
Event: 324.254 Thread 0x000001dc5de083e0 13224       4       org.hibernate.query.spi.Limit::getMaxRowsJpa (20 bytes)
Event: 324.254 Thread 0x000001dc5de083e0 nmethod 13224 0x000001dc07bbc310 code [0x000001dc07bbc4a0, 0x000001dc07bbc550]
Event: 324.254 Thread 0x000001dc5de083e0 13227       4       org.springframework.data.repository.query.Parameters::hasDynamicProjection (14 bytes)
Event: 324.254 Thread 0x000001dc5de083e0 nmethod 13227 0x000001dc07bbc910 code [0x000001dc07bbcaa0, 0x000001dc07bbcb48]
Event: 324.254 Thread 0x000001dc5de083e0 13228       4       org.hibernate.query.sqm.internal.QuerySqmImpl::setParameter (9 bytes)
Event: 324.262 Thread 0x000001dc5de08ab0 nmethod 13232 0x000001dc08065910 code [0x000001dc08065b80, 0x000001dc080663b0]
Event: 324.262 Thread 0x000001dc5de08ab0 13229       4       org.hibernate.query.spi.AbstractSelectionQuery::setParameter (9 bytes)
Event: 324.274 Thread 0x000001dc5de083e0 nmethod 13228 0x000001dc07be7990 code [0x000001dc07be7c60, 0x000001dc07be8990]
Event: 324.274 Thread 0x000001dc5de083e0 13230       4       org.springframework.data.repository.query.ResultProcessor::withDynamicProjection (27 bytes)
Event: 324.275 Thread 0x000001dc5de083e0 nmethod 13230 0x000001dc07d56910 code [0x000001dc07d56aa0, 0x000001dc07d56bb0]
Event: 324.275 Thread 0x000001dc5de083e0 13231       4       org.springframework.data.repository.query.ParametersParameterAccessor::findDynamicProjection (30 bytes)
Event: 324.275 Thread 0x000001dc5de083e0 nmethod 13231 0x000001dc07cc7a90 code [0x000001dc07cc7c20, 0x000001dc07cc7ce8]
Event: 324.275 Thread 0x000001dc5de083e0 13225       4       org.hibernate.query.spi.AbstractSelectionQuery::afterQueryHandlingFetchProfiles (11 bytes)
Event: 324.283 Thread 0x000001dc5de08ab0 nmethod 13229 0x000001dc07d68390 code [0x000001dc07d68660, 0x000001dc07d69340]
Event: 324.285 Thread 0x000001dc5de08ab0 13226       4       org.hibernate.query.spi.AbstractSelectionQuery::resetFetchProfiles (14 bytes)
Event: 324.286 Thread 0x000001dc5de08ab0 nmethod 13226 0x000001dc0814b790 code [0x000001dc0814b920, 0x000001dc0814baf0]

GC Heap History (20 events):
Event: 312.412 GC heap before
{Heap before GC invocations=36 (full 0):
 garbage-first heap   total 98304K, used 87198K [0x0000000704400000, 0x0000000800000000)
  region size 2048K, 23 young (47104K), 1 survivors (2048K)
 Metaspace       used 84325K, committed 85120K, reserved 1179648K
  class space    used 10884K, committed 11264K, reserved 1048576K
}
Event: 312.415 GC heap after
{Heap after GC invocations=37 (full 0):
 garbage-first heap   total 98304K, used 41809K [0x0000000704400000, 0x0000000800000000)
  region size 2048K, 1 young (2048K), 1 survivors (2048K)
 Metaspace       used 84325K, committed 85120K, reserved 1179648K
  class space    used 10884K, committed 11264K, reserved 1048576K
}
Event: 313.792 GC heap before
{Heap before GC invocations=37 (full 0):
 garbage-first heap   total 98304K, used 86865K [0x0000000704400000, 0x0000000800000000)
  region size 2048K, 23 young (47104K), 1 survivors (2048K)
 Metaspace       used 84325K, committed 85120K, reserved 1179648K
  class space    used 10884K, committed 11264K, reserved 1048576K
}
Event: 313.793 GC heap after
{Heap after GC invocations=38 (full 0):
 garbage-first heap   total 98304K, used 41992K [0x0000000704400000, 0x0000000800000000)
  region size 2048K, 1 young (2048K), 1 survivors (2048K)
 Metaspace       used 84325K, committed 85120K, reserved 1179648K
  class space    used 10884K, committed 11264K, reserved 1048576K
}
Event: 315.075 GC heap before
{Heap before GC invocations=39 (full 0):
 garbage-first heap   total 98304K, used 87048K [0x0000000704400000, 0x0000000800000000)
  region size 2048K, 23 young (47104K), 1 survivors (2048K)
 Metaspace       used 84327K, committed 85120K, reserved 1179648K
  class space    used 10884K, committed 11264K, reserved 1048576K
}
Event: 315.076 GC heap after
{Heap after GC invocations=40 (full 0):
 garbage-first heap   total 98304K, used 42051K [0x0000000704400000, 0x0000000800000000)
  region size 2048K, 1 young (2048K), 1 survivors (2048K)
 Metaspace       used 84327K, committed 85120K, reserved 1179648K
  class space    used 10884K, committed 11264K, reserved 1048576K
}
Event: 316.326 GC heap before
{Heap before GC invocations=40 (full 0):
 garbage-first heap   total 98304K, used 87107K [0x0000000704400000, 0x0000000800000000)
  region size 2048K, 23 young (47104K), 1 survivors (2048K)
 Metaspace       used 84332K, committed 85120K, reserved 1179648K
  class space    used 10884K, committed 11264K, reserved 1048576K
}
Event: 316.328 GC heap after
{Heap after GC invocations=41 (full 0):
 garbage-first heap   total 98304K, used 41770K [0x0000000704400000, 0x0000000800000000)
  region size 2048K, 1 young (2048K), 1 survivors (2048K)
 Metaspace       used 84332K, committed 85120K, reserved 1179648K
  class space    used 10884K, committed 11264K, reserved 1048576K
}
Event: 317.610 GC heap before
{Heap before GC invocations=41 (full 0):
 garbage-first heap   total 98304K, used 86826K [0x0000000704400000, 0x0000000800000000)
  region size 2048K, 23 young (47104K), 1 survivors (2048K)
 Metaspace       used 84333K, committed 85120K, reserved 1179648K
  class space    used 10884K, committed 11264K, reserved 1048576K
}
Event: 317.611 GC heap after
{Heap after GC invocations=42 (full 0):
 garbage-first heap   total 98304K, used 41993K [0x0000000704400000, 0x0000000800000000)
  region size 2048K, 1 young (2048K), 1 survivors (2048K)
 Metaspace       used 84333K, committed 85120K, reserved 1179648K
  class space    used 10884K, committed 11264K, reserved 1048576K
}
Event: 318.789 GC heap before
{Heap before GC invocations=43 (full 0):
 garbage-first heap   total 98304K, used 87049K [0x0000000704400000, 0x0000000800000000)
  region size 2048K, 23 young (47104K), 1 survivors (2048K)
 Metaspace       used 84333K, committed 85120K, reserved 1179648K
  class space    used 10884K, committed 11264K, reserved 1048576K
}
Event: 318.790 GC heap after
{Heap after GC invocations=44 (full 0):
 garbage-first heap   total 98304K, used 42041K [0x0000000704400000, 0x0000000800000000)
  region size 2048K, 1 young (2048K), 1 survivors (2048K)
 Metaspace       used 84333K, committed 85120K, reserved 1179648K
  class space    used 10884K, committed 11264K, reserved 1048576K
}
Event: 320.026 GC heap before
{Heap before GC invocations=44 (full 0):
 garbage-first heap   total 98304K, used 87097K [0x0000000704400000, 0x0000000800000000)
  region size 2048K, 23 young (47104K), 1 survivors (2048K)
 Metaspace       used 84333K, committed 85120K, reserved 1179648K
  class space    used 10884K, committed 11264K, reserved 1048576K
}
Event: 320.028 GC heap after
{Heap after GC invocations=45 (full 0):
 garbage-first heap   total 98304K, used 41808K [0x0000000704400000, 0x0000000800000000)
  region size 2048K, 1 young (2048K), 1 survivors (2048K)
 Metaspace       used 84333K, committed 85120K, reserved 1179648K
  class space    used 10884K, committed 11264K, reserved 1048576K
}
Event: 321.116 GC heap before
{Heap before GC invocations=45 (full 0):
 garbage-first heap   total 98304K, used 86864K [0x0000000704400000, 0x0000000800000000)
  region size 2048K, 23 young (47104K), 1 survivors (2048K)
 Metaspace       used 84335K, committed 85120K, reserved 1179648K
  class space    used 10885K, committed 11264K, reserved 1048576K
}
Event: 321.117 GC heap after
{Heap after GC invocations=46 (full 0):
 garbage-first heap   total 98304K, used 42012K [0x0000000704400000, 0x0000000800000000)
  region size 2048K, 1 young (2048K), 1 survivors (2048K)
 Metaspace       used 84335K, committed 85120K, reserved 1179648K
  class space    used 10885K, committed 11264K, reserved 1048576K
}
Event: 322.203 GC heap before
{Heap before GC invocations=47 (full 0):
 garbage-first heap   total 98304K, used 87068K [0x0000000704400000, 0x0000000800000000)
  region size 2048K, 23 young (47104K), 1 survivors (2048K)
 Metaspace       used 84335K, committed 85120K, reserved 1179648K
  class space    used 10885K, committed 11264K, reserved 1048576K
}
Event: 322.204 GC heap after
{Heap after GC invocations=48 (full 0):
 garbage-first heap   total 98304K, used 42044K [0x0000000704400000, 0x0000000800000000)
  region size 2048K, 1 young (2048K), 1 survivors (2048K)
 Metaspace       used 84335K, committed 85120K, reserved 1179648K
  class space    used 10885K, committed 11264K, reserved 1048576K
}
Event: 324.171 GC heap before
{Heap before GC invocations=48 (full 0):
 garbage-first heap   total 98304K, used 87100K [0x0000000704400000, 0x0000000800000000)
  region size 2048K, 23 young (47104K), 1 survivors (2048K)
 Metaspace       used 84337K, committed 85120K, reserved 1179648K
  class space    used 10885K, committed 11264K, reserved 1048576K
}
Event: 324.173 GC heap after
{Heap after GC invocations=49 (full 0):
 garbage-first heap   total 98304K, used 41755K [0x0000000704400000, 0x0000000800000000)
  region size 2048K, 1 young (2048K), 1 survivors (2048K)
 Metaspace       used 84337K, committed 85120K, reserved 1179648K
  class space    used 10885K, committed 11264K, reserved 1048576K
}

Dll operation events (13 events):
Event: 0.022 Loaded shared library C:\Program Files\Java\jdk-21\bin\java.dll
Event: 0.053 Loaded shared library C:\Program Files\Java\jdk-21\bin\jsvml.dll
Event: 0.115 Loaded shared library C:\Program Files\Java\jdk-21\bin\zip.dll
Event: 0.118 Loaded shared library C:\Program Files\Java\jdk-21\bin\instrument.dll
Event: 0.121 Loaded shared library C:\Program Files\Java\jdk-21\bin\net.dll
Event: 0.123 Loaded shared library C:\Program Files\Java\jdk-21\bin\nio.dll
Event: 0.125 Loaded shared library C:\Program Files\Java\jdk-21\bin\zip.dll
Event: 0.228 Loaded shared library C:\Program Files\Java\jdk-21\bin\extnet.dll
Event: 0.249 Loaded shared library C:\Program Files\Java\jdk-21\bin\jimage.dll
Event: 0.635 Loaded shared library C:\Program Files\Java\jdk-21\bin\management.dll
Event: 0.637 Loaded shared library C:\Program Files\Java\jdk-21\bin\management_ext.dll
Event: 1.499 Loaded shared library C:\Program Files\Java\jdk-21\bin\sunmscapi.dll
Event: 3.460 Loaded shared library C:\Program Files\Java\jdk-21\bin\verify.dll

Deoptimization events (20 events):
Event: 316.864 Thread 0x000001dc6013caa0 DEOPT PACKING pc=0x000001dc0809bd98 sp=0x000000ae239fbb70
Event: 316.864 Thread 0x000001dc6013caa0 DEOPT UNPACKING pc=0x000001dc07587da2 sp=0x000000ae239fbb10 mode 2
Event: 316.867 Thread 0x000001dc6013bd80 Uncommon trap: trap_request=0xffffffd6 fr.pc=0x000001dc0809bd98 relative=0x0000000000000178
Event: 316.867 Thread 0x000001dc6013bd80 Uncommon trap: reason=array_check action=maybe_recompile pc=0x000001dc0809bd98 method=org.hibernate.sql.exec.spi.JdbcParametersList$Builder.add(Lorg/hibernate/sql/ast/tree/expression/JdbcParameter;)V @ 70 c2
Event: 316.867 Thread 0x000001dc6013bd80 DEOPT PACKING pc=0x000001dc0809bd98 sp=0x000000ae237fbbf0
Event: 316.867 Thread 0x000001dc6013bd80 DEOPT UNPACKING pc=0x000001dc07587da2 sp=0x000000ae237fbb90 mode 2
Event: 316.870 Thread 0x000001dc6013de50 Uncommon trap: trap_request=0xffffffd6 fr.pc=0x000001dc0809bd98 relative=0x0000000000000178
Event: 316.870 Thread 0x000001dc6013de50 Uncommon trap: reason=array_check action=maybe_recompile pc=0x000001dc0809bd98 method=org.hibernate.sql.exec.spi.JdbcParametersList$Builder.add(Lorg/hibernate/sql/ast/tree/expression/JdbcParameter;)V @ 70 c2
Event: 316.870 Thread 0x000001dc6013de50 DEOPT PACKING pc=0x000001dc0809bd98 sp=0x000000ae238fc1c0
Event: 316.870 Thread 0x000001dc6013de50 DEOPT UNPACKING pc=0x000001dc07587da2 sp=0x000000ae238fc160 mode 2
Event: 318.896 Thread 0x000001dc6013b060 Uncommon trap: trap_request=0xffffff45 fr.pc=0x000001dc07e41d08 relative=0x00000000000020c8
Event: 318.896 Thread 0x000001dc6013b060 Uncommon trap: reason=unstable_if action=reinterpret pc=0x000001dc07e41d08 method=org.apache.tomcat.util.net.NioEndpoint$NioSocketWrapper.fillReadBuffer(ZLjava/nio/ByteBuffer;)I @ 208 c2
Event: 318.896 Thread 0x000001dc6013b060 DEOPT PACKING pc=0x000001dc07e41d08 sp=0x000000ae23cfeb20
Event: 318.896 Thread 0x000001dc6013b060 DEOPT UNPACKING pc=0x000001dc07587da2 sp=0x000000ae23cfea08 mode 2
Event: 322.214 Thread 0x000001dc6013b6f0 DEOPT PACKING pc=0x000001dc00601527 sp=0x000000ae236fc370
Event: 322.214 Thread 0x000001dc6013b6f0 DEOPT UNPACKING pc=0x000001dc075888e2 sp=0x000000ae236fb848 mode 0
Event: 322.958 Thread 0x000001dc6013c410 Uncommon trap: trap_request=0xffffff6e fr.pc=0x000001dc07e29a4c relative=0x0000000000004c8c
Event: 322.958 Thread 0x000001dc6013c410 Uncommon trap: reason=loop_limit_check action=maybe_recompile pc=0x000001dc07e29a4c method=org.hibernate.query.sqm.tree.select.SqmQuerySpec.containsCollectionFetches()Z @ 21 c2
Event: 322.958 Thread 0x000001dc6013c410 DEOPT PACKING pc=0x000001dc07e29a4c sp=0x000000ae23bfcb90
Event: 322.958 Thread 0x000001dc6013c410 DEOPT UNPACKING pc=0x000001dc07587da2 sp=0x000000ae23bfc7a8 mode 2

Classes loaded (20 events):
Event: 55.398 Loading class jdk/internal/reflect/MethodHandleLongFieldAccessorImpl
Event: 55.398 Loading class jdk/internal/reflect/MethodHandleLongFieldAccessorImpl done
Event: 55.400 Loading class jdk/internal/reflect/MethodHandleDoubleFieldAccessorImpl
Event: 55.400 Loading class jdk/internal/reflect/MethodHandleDoubleFieldAccessorImpl done
Event: 55.417 Loading class java/time/format/DateTimeFormatterBuilder$ZoneTextPrinterParser
Event: 55.417 Loading class java/time/format/DateTimeFormatterBuilder$ZoneTextPrinterParser done
Event: 55.417 Loading class java/time/format/DateTimeFormatterBuilder$ReducedPrinterParser
Event: 55.418 Loading class java/time/format/DateTimeFormatterBuilder$ReducedPrinterParser done
Event: 55.441 Loading class java/util/stream/LongStream
Event: 55.442 Loading class java/util/stream/LongStream done
Event: 55.442 Loading class java/util/stream/DoubleStream
Event: 55.442 Loading class java/util/stream/DoubleStream done
Event: 55.454 Loading class org/w3c/dom/Node
Event: 55.455 Loading class org/w3c/dom/Node done
Event: 55.455 Loading class org/w3c/dom/Document
Event: 55.455 Loading class org/w3c/dom/Document done
Event: 265.370 Loading class sun/util/locale/LocaleExtensions
Event: 265.377 Loading class sun/util/locale/LocaleExtensions done
Event: 265.496 Loading class jdk/internal/math/FormattedFPDecimal
Event: 265.496 Loading class jdk/internal/math/FormattedFPDecimal done

Classes unloaded (0 events):
No events

Classes redefined (0 events):
No events

Internal exceptions (20 events):
Event: 5.579 Thread 0x000001dc5c9509c0 Exception <a 'java/lang/NoSuchMethodError'{0x0000000708e72a90}: 'java.lang.Object java.lang.invoke.DirectMethodHandle$Holder.invokeSpecial(java.lang.Object, java.lang.Object, java.lang.Object, java.lang.Object, java.lang.Object, int)'> (0x0000000708e72a90) 
thrown [s\open\src\hotspot\share\interpreter\linkResolver.cpp, line 773]
Event: 5.579 Thread 0x000001dc5c9509c0 Exception <a 'java/lang/NoSuchMethodError'{0x0000000708e76578}: 'java.lang.Object java.lang.invoke.Invokers$Holder.linkToTargetMethod(java.lang.Object, java.lang.Object, java.lang.Object, int, java.lang.Object)'> (0x0000000708e76578) 
thrown [s\open\src\hotspot\share\interpreter\linkResolver.cpp, line 773]
Event: 5.591 Thread 0x000001dc5c9509c0 Exception <a 'java/lang/IncompatibleClassChangeError'{0x0000000708f0bdd8}: Found class java.lang.Object, but interface was expected> (0x0000000708f0bdd8) 
thrown [s\open\src\hotspot\share\interpreter\linkResolver.cpp, line 840]
Event: 5.645 Thread 0x000001dc5c9509c0 Exception <a 'java/lang/NoSuchMethodError'{0x0000000708d94628}: 'java.lang.Object java.lang.invoke.DirectMethodHandle$Holder.newInvokeSpecial(java.lang.Object, java.lang.Object, int, java.lang.Object, java.lang.Object)'> (0x0000000708d94628) 
thrown [s\open\src\hotspot\share\interpreter\linkResolver.cpp, line 773]
Event: 5.660 Thread 0x000001dc5c9509c0 Exception <a 'java/lang/NoSuchMethodError'{0x0000000708a354e8}: 'java.lang.Object java.lang.invoke.DirectMethodHandle$Holder.invokeVirtual(java.lang.Object, java.lang.Object, java.lang.Object, java.lang.Object, java.lang.Object, java.lang.Object, java.lang.Object)'> (0x0000000708a354e8) 
thrown [s\open\src\hotspot\share\interpreter\linkResolver.cpp, line 773]
Event: 5.674 Thread 0x000001dc5c9509c0 Exception <a 'java/lang/NoSuchMethodError'{0x0000000708b23c48}: 'double java.lang.invoke.DirectMethodHandle$Holder.invokeVirtual(java.lang.Object, java.lang.Object)'> (0x0000000708b23c48) 
thrown [s\open\src\hotspot\share\interpreter\linkResolver.cpp, line 773]
Event: 55.174 Thread 0x000001dc604e2060 Exception <a 'java/lang/NoSuchMethodError'{0x00000007086d8740}: 'java.lang.Object java.lang.invoke.DirectMethodHandle$Holder.invokeStatic(java.lang.Object, java.lang.Object, java.lang.Object, int, int)'> (0x00000007086d8740) 
thrown [s\open\src\hotspot\share\interpreter\linkResolver.cpp, line 773]
Event: 55.174 Thread 0x000001dc604e2060 Exception <a 'java/lang/NoSuchMethodError'{0x00000007086dbea8}: 'java.lang.Object java.lang.invoke.DirectMethodHandle$Holder.invokeStaticInit(java.lang.Object, java.lang.Object, java.lang.Object, int, int)'> (0x00000007086dbea8) 
thrown [s\open\src\hotspot\share\interpreter\linkResolver.cpp, line 773]
Event: 55.197 Thread 0x000001dc6273a180 Exception <a 'java/lang/NoSuchMethodError'{0x0000000708358c00}: 'java.lang.Object java.lang.invoke.DirectMethodHandle$Holder.invokeSpecial(java.lang.Object, java.lang.Object, java.lang.Object, java.lang.Object, java.lang.Object, long)'> (0x0000000708358c00) 
thrown [s\open\src\hotspot\share\interpreter\linkResolver.cpp, line 773]
Event: 55.198 Thread 0x000001dc6273a180 Exception <a 'java/lang/NoSuchMethodError'{0x000000070835c388}: 'java.lang.Object java.lang.invoke.Invokers$Holder.linkToTargetMethod(java.lang.Object, java.lang.Object, java.lang.Object, long, java.lang.Object)'> (0x000000070835c388) 
thrown [s\open\src\hotspot\share\interpreter\linkResolver.cpp, line 773]
Event: 55.235 Thread 0x000001dc6273a180 Exception <a 'java/lang/NoSuchMethodError'{0x00000007080eb898}: 'java.lang.Object java.lang.invoke.DirectMethodHandle$Holder.invokeStatic(java.lang.Object, int, int)'> (0x00000007080eb898) 
thrown [s\open\src\hotspot\share\interpreter\linkResolver.cpp, line 773]
Event: 55.341 Thread 0x000001dc6273a180 Exception <a 'java/lang/NoSuchMethodError'{0x0000000707822928}: 'void java.lang.invoke.DirectMethodHandle$Holder.invokeSpecialIFC(java.lang.Object, java.lang.Object, int, java.lang.Object, java.lang.Object, java.lang.Object, java.lang.Object)'> (0x0000000707822928) 
thrown [s\open\src\hotspot\share\interpreter\linkResolver.cpp, line 773]
Event: 55.398 Thread 0x000001dc6273a180 Exception <a 'java/lang/NoSuchMethodError'{0x0000000713e4a3a0}: 'long java.lang.invoke.DelegatingMethodHandle$Holder.reinvoke_L(java.lang.Object, java.lang.Object)'> (0x0000000713e4a3a0) 
thrown [s\open\src\hotspot\share\interpreter\linkResolver.cpp, line 773]
Event: 55.399 Thread 0x000001dc6273a180 Exception <a 'java/lang/NoSuchMethodError'{0x0000000713e545b0}: 'void java.lang.invoke.DelegatingMethodHandle$Holder.reinvoke_L(java.lang.Object, java.lang.Object, long)'> (0x0000000713e545b0) 
thrown [s\open\src\hotspot\share\interpreter\linkResolver.cpp, line 773]
Event: 55.400 Thread 0x000001dc6273a180 Exception <a 'java/lang/NoSuchMethodError'{0x0000000713e64748}: 'double java.lang.invoke.DelegatingMethodHandle$Holder.reinvoke_L(java.lang.Object, java.lang.Object)'> (0x0000000713e64748) 
thrown [s\open\src\hotspot\share\interpreter\linkResolver.cpp, line 773]
Event: 55.401 Thread 0x000001dc6273a180 Exception <a 'java/lang/NoSuchMethodError'{0x0000000713e6ea50}: 'void java.lang.invoke.DelegatingMethodHandle$Holder.reinvoke_L(java.lang.Object, java.lang.Object, double)'> (0x0000000713e6ea50) 
thrown [s\open\src\hotspot\share\interpreter\linkResolver.cpp, line 773]
Event: 55.407 Thread 0x000001dc6273a180 Exception <a 'java/lang/IncompatibleClassChangeError'{0x0000000713eaa738}: Found class java.lang.Object, but interface was expected> (0x0000000713eaa738) 
thrown [s\open\src\hotspot\share\interpreter\linkResolver.cpp, line 840]
Event: 73.628 Thread 0x000001dc6013b6f0 Exception <a 'java/lang/IncompatibleClassChangeError'{0x000000071218c2c0}: Found class java.lang.Object, but interface was expected> (0x000000071218c2c0) 
thrown [s\open\src\hotspot\share\interpreter\linkResolver.cpp, line 840]
Event: 268.725 Thread 0x000001dc6013de50 Exception <a 'java/io/IOException'{0x0000000708332e70}> (0x0000000708332e70) 
thrown [s\open\src\hotspot\share\prims\jni.cpp, line 520]
Event: 268.747 Thread 0x000001dc6273aea0 Exception <a 'java/io/IOException'{0x0000000708389460}> (0x0000000708389460) 
thrown [s\open\src\hotspot\share\prims\jni.cpp, line 520]

ZGC Phase Switch (0 events):
No events

VM Operations (20 events):
Event: 318.789 Executing VM operation: G1CollectForAllocation (G1 Evacuation Pause)
Event: 318.790 Executing VM operation: G1CollectForAllocation (G1 Evacuation Pause) done
Event: 319.804 Executing VM operation: Cleanup
Event: 319.804 Executing VM operation: Cleanup done
Event: 320.026 Executing VM operation: G1CollectForAllocation (G1 Evacuation Pause)
Event: 320.028 Executing VM operation: G1CollectForAllocation (G1 Evacuation Pause) done
Event: 321.030 Executing VM operation: Cleanup
Event: 321.030 Executing VM operation: Cleanup done
Event: 321.116 Executing VM operation: G1CollectForAllocation (G1 Evacuation Pause)
Event: 321.117 Executing VM operation: G1CollectForAllocation (G1 Evacuation Pause) done
Event: 321.143 Executing VM operation: G1PauseRemark
Event: 321.146 Executing VM operation: G1PauseRemark done
Event: 321.153 Executing VM operation: G1PauseCleanup
Event: 321.153 Executing VM operation: G1PauseCleanup done
Event: 322.203 Executing VM operation: G1CollectForAllocation (G1 Evacuation Pause)
Event: 322.204 Executing VM operation: G1CollectForAllocation (G1 Evacuation Pause) done
Event: 323.210 Executing VM operation: Cleanup
Event: 323.210 Executing VM operation: Cleanup done
Event: 324.171 Executing VM operation: G1CollectForAllocation (G1 Evacuation Pause)
Event: 324.173 Executing VM operation: G1CollectForAllocation (G1 Evacuation Pause) done

Events (20 events):
Event: 321.145 Thread 0x000001dc166c6770 flushing nmethod 0x000001dc011f8190
Event: 321.145 Thread 0x000001dc166c6770 flushing nmethod 0x000001dc011f8510
Event: 321.145 Thread 0x000001dc166c6770 flushing nmethod 0x000001dc011f9c10
Event: 321.145 Thread 0x000001dc166c6770 flushing nmethod 0x000001dc01202190
Event: 321.145 Thread 0x000001dc166c6770 flushing nmethod 0x000001dc01202810
Event: 321.145 Thread 0x000001dc166c6770 flushing nmethod 0x000001dc0120af10
Event: 321.145 Thread 0x000001dc166c6770 flushing nmethod 0x000001dc0120ed90
Event: 321.145 Thread 0x000001dc166c6770 flushing nmethod 0x000001dc012fff90
Event: 321.145 Thread 0x000001dc166c6770 flushing nmethod 0x000001dc01303a10
Event: 321.145 Thread 0x000001dc166c6770 flushing nmethod 0x000001dc01304e90
Event: 321.145 Thread 0x000001dc166c6770 flushing nmethod 0x000001dc01305d10
Event: 321.145 Thread 0x000001dc166c6770 flushing nmethod 0x000001dc01310890
Event: 321.145 Thread 0x000001dc166c6770 flushing nmethod 0x000001dc01312110
Event: 322.214 Thread 0x000001dc5de08ab0 Thread exited: 0x000001dc5de08ab0
Event: 322.378 Thread 0x000001dc5de083e0 Thread added: 0x000001dc5de083e0
Event: 322.378 Thread 0x000001dc5de08ab0 Thread added: 0x000001dc5de08ab0
Event: 323.177 Thread 0x000001dc5de08ab0 Thread exited: 0x000001dc5de08ab0
Event: 323.281 Thread 0x000001dc5de083e0 Thread exited: 0x000001dc5de083e0
Event: 324.253 Thread 0x000001dc5de083e0 Thread added: 0x000001dc5de083e0
Event: 324.253 Thread 0x000001dc5de08ab0 Thread added: 0x000001dc5de08ab0


Dynamic libraries:
0x00007ff7a3010000 - 0x00007ff7a3020000 	C:\Program Files\Java\jdk-21\bin\java.exe
0x00007ffeb6780000 - 0x00007ffeb6989000 	C:\WINDOWS\SYSTEM32\ntdll.dll
0x00007ffeb4c40000 - 0x00007ffeb4cfd000 	C:\WINDOWS\System32\KERNEL32.DLL
0x00007ffeb3e80000 - 0x00007ffeb4204000 	C:\WINDOWS\System32\KERNELBASE.dll
0x00007ffeb4210000 - 0x00007ffeb4321000 	C:\WINDOWS\System32\ucrtbase.dll
0x00007ffead490000 - 0x00007ffead4ab000 	C:\Program Files\Java\jdk-21\bin\VCRUNTIME140.dll
0x00007ffead470000 - 0x00007ffead489000 	C:\Program Files\Java\jdk-21\bin\jli.dll
0x00007ffeb4d80000 - 0x00007ffeb4e2e000 	C:\WINDOWS\System32\ADVAPI32.dll
0x00007ffeb4e30000 - 0x00007ffeb4ed3000 	C:\WINDOWS\System32\msvcrt.dll
0x00007ffeb52d0000 - 0x00007ffeb536e000 	C:\WINDOWS\System32\sechost.dll
0x00007ffeb5700000 - 0x00007ffeb5821000 	C:\WINDOWS\System32\RPCRT4.dll
0x00007ffeb6590000 - 0x00007ffeb673d000 	C:\WINDOWS\System32\USER32.dll
0x00007ffe98cd0000 - 0x00007ffe98f75000 	C:\WINDOWS\WinSxS\amd64_microsoft.windows.common-controls_6595b64144ccf1df_6.0.22000.120_none_9d947278b86cc467\COMCTL32.dll
0x00007ffeb3e50000 - 0x00007ffeb3e76000 	C:\WINDOWS\System32\win32u.dll
0x00007ffeb45d0000 - 0x00007ffeb45fa000 	C:\WINDOWS\System32\GDI32.dll
0x00007ffeb3cb0000 - 0x00007ffeb3dce000 	C:\WINDOWS\System32\gdi32full.dll
0x00007ffeb3c10000 - 0x00007ffeb3cad000 	C:\WINDOWS\System32\msvcp_win.dll
0x00007ffeaac20000 - 0x00007ffeaac2a000 	C:\WINDOWS\SYSTEM32\VERSION.dll
0x00007ffeb49f0000 - 0x00007ffeb4a21000 	C:\WINDOWS\System32\IMM32.DLL
0x00007ffead820000 - 0x00007ffead82c000 	C:\Program Files\Java\jdk-21\bin\vcruntime140_1.dll
0x00007ffeab030000 - 0x00007ffeab0be000 	C:\Program Files\Java\jdk-21\bin\msvcp140.dll
0x00007ffe0c1c0000 - 0x00007ffe0ceda000 	C:\Program Files\Java\jdk-21\bin\server\jvm.dll
0x00007ffeb4ee0000 - 0x00007ffeb4f4f000 	C:\WINDOWS\System32\WS2_32.dll
0x00007ffeb2530000 - 0x00007ffeb257d000 	C:\WINDOWS\SYSTEM32\POWRPROF.dll
0x00007ffeaaef0000 - 0x00007ffeaaf23000 	C:\WINDOWS\SYSTEM32\WINMM.dll
0x00007ffeb2620000 - 0x00007ffeb2633000 	C:\WINDOWS\SYSTEM32\UMPDC.dll
0x00007ffeb2d30000 - 0x00007ffeb2d48000 	C:\WINDOWS\SYSTEM32\kernel.appcore.dll
0x00007ffeabae0000 - 0x00007ffeabaea000 	C:\Program Files\Java\jdk-21\bin\jimage.dll
0x00007ffeb1670000 - 0x00007ffeb1891000 	C:\WINDOWS\SYSTEM32\DBGHELP.DLL
0x00007ffea75f0000 - 0x00007ffea7621000 	C:\WINDOWS\SYSTEM32\dbgcore.DLL
0x00007ffeb3dd0000 - 0x00007ffeb3e4f000 	C:\WINDOWS\System32\bcryptPrimitives.dll
0x00007ffeabab0000 - 0x00007ffeababf000 	C:\Program Files\Java\jdk-21\bin\instrument.dll
0x00007ffeabac0000 - 0x00007ffeabadf000 	C:\Program Files\Java\jdk-21\bin\java.dll
0x00007ffeb5d40000 - 0x00007ffeb6505000 	C:\WINDOWS\System32\SHELL32.dll
0x00007ffeb1cb0000 - 0x00007ffeb2512000 	C:\WINDOWS\SYSTEM32\windows.storage.dll
0x00007ffeb4f50000 - 0x00007ffeb52c6000 	C:\WINDOWS\System32\combase.dll
0x00007ffeb1b40000 - 0x00007ffeb1ca7000 	C:\WINDOWS\SYSTEM32\wintypes.dll
0x00007ffeb5450000 - 0x00007ffeb553a000 	C:\WINDOWS\System32\SHCORE.dll
0x00007ffeb4b20000 - 0x00007ffeb4b7d000 	C:\WINDOWS\System32\shlwapi.dll
0x00007ffeb3b40000 - 0x00007ffeb3b65000 	C:\WINDOWS\SYSTEM32\profapi.dll
0x00007ffea5ae0000 - 0x00007ffea5bb7000 	C:\Program Files\Java\jdk-21\bin\jsvml.dll
0x00007ffeaafb0000 - 0x00007ffeaafc8000 	C:\Program Files\Java\jdk-21\bin\zip.dll
0x00007ffeab020000 - 0x00007ffeab030000 	C:\Program Files\Java\jdk-21\bin\net.dll
0x00007ffeac270000 - 0x00007ffeac384000 	C:\WINDOWS\SYSTEM32\WINHTTP.dll
0x00007ffeb31d0000 - 0x00007ffeb3237000 	C:\WINDOWS\system32\mswsock.dll
0x00007ffeaafd0000 - 0x00007ffeaafe6000 	C:\Program Files\Java\jdk-21\bin\nio.dll
0x00007ffeaaf90000 - 0x00007ffeaaf99000 	C:\Program Files\Java\jdk-21\bin\extnet.dll
0x00007ffeaaf80000 - 0x00007ffeaaf8a000 	C:\Program Files\Java\jdk-21\bin\management.dll
0x00007ffeaac10000 - 0x00007ffeaac1b000 	C:\Program Files\Java\jdk-21\bin\management_ext.dll
0x00007ffeb5cb0000 - 0x00007ffeb5cb8000 	C:\WINDOWS\System32\PSAPI.DLL
0x00007ffeb27d0000 - 0x00007ffeb27fd000 	C:\WINDOWS\SYSTEM32\IPHLPAPI.DLL
0x00007ffeb4c30000 - 0x00007ffeb4c39000 	C:\WINDOWS\System32\NSI.dll
0x00007ffeb2800000 - 0x00007ffeb28e7000 	C:\WINDOWS\SYSTEM32\DNSAPI.dll
0x00007ffeaafa0000 - 0x00007ffeaafae000 	C:\Program Files\Java\jdk-21\bin\sunmscapi.dll
0x00007ffeb43a0000 - 0x00007ffeb4502000 	C:\WINDOWS\System32\CRYPT32.dll
0x00007ffeb35b0000 - 0x00007ffeb35d8000 	C:\WINDOWS\SYSTEM32\ncrypt.dll
0x00007ffeb3570000 - 0x00007ffeb35a7000 	C:\WINDOWS\SYSTEM32\NTASN1.dll
0x00007ffeb34a0000 - 0x00007ffeb34b8000 	C:\WINDOWS\SYSTEM32\CRYPTSP.dll
0x00007ffeb2c90000 - 0x00007ffeb2cc5000 	C:\WINDOWS\system32\rsaenh.dll
0x00007ffeb3270000 - 0x00007ffeb329c000 	C:\WINDOWS\SYSTEM32\USERENV.dll
0x00007ffeb35e0000 - 0x00007ffeb3607000 	C:\WINDOWS\SYSTEM32\bcrypt.dll
0x00007ffeb33c0000 - 0x00007ffeb33cc000 	C:\WINDOWS\SYSTEM32\CRYPTBASE.dll
0x00007ffeaac00000 - 0x00007ffeaac10000 	C:\Program Files\Java\jdk-21\bin\verify.dll
0x00007ffeaab00000 - 0x00007ffeaab0a000 	C:\Windows\System32\rasadhlp.dll
0x00007ffeaadf0000 - 0x00007ffeaae71000 	C:\WINDOWS\System32\fwpuclnt.dll
0x00007ffe9cc30000 - 0x00007ffe9cc38000 	C:\WINDOWS\system32\wshunix.dll

dbghelp: loaded successfully - version: 4.0.5 - missing functions: none
symbol engine: initialized successfully - sym options: 0x614 - pdb path: .;C:\Program Files\Java\jdk-21\bin;C:\WINDOWS\SYSTEM32;C:\WINDOWS\WinSxS\amd64_microsoft.windows.common-controls_6595b64144ccf1df_6.0.22000.120_none_9d947278b86cc467;C:\Program Files\Java\jdk-21\bin\server

VM Arguments:
jvm_args: -javaagent:C:\Program Files\JetBrains\IntelliJ IDEA 2025.2\lib\idea_rt.jar=61269 -Dfile.encoding=UTF-8 -Dsun.stdout.encoding=UTF-8 -Dsun.stderr.encoding=UTF-8 
java_command: Myproject.product_service.ProductServiceApplication
java_class_path (initial): D:\5_SubjectInSemester5\1_Service_OrientedSoftware\BackEnd\product_service\target\classes;C:\Users\dell G15\.m2\repository\org\springframework\boot\spring-boot-starter-data-jpa\3.5.6\spring-boot-starter-data-jpa-3.5.6.jar;C:\Users\dell G15\.m2\repository\org\springframework\boot\spring-boot-starter\3.5.6\spring-boot-starter-3.5.6.jar;C:\Users\dell G15\.m2\repository\org\springframework\boot\spring-boot-starter-logging\3.5.6\spring-boot-starter-logging-3.5.6.jar;C:\Users\dell G15\.m2\repository\ch\qos\logback\logback-classic\1.5.18\logback-classic-1.5.18.jar;C:\Users\dell G15\.m2\repository\ch\qos\logback\logback-core\1.5.18\logback-core-1.5.18.jar;C:\Users\dell G15\.m2\repository\org\apache\logging\log4j\log4j-to-slf4j\2.24.3\log4j-to-slf4j-2.24.3.jar;C:\Users\dell G15\.m2\repository\org\apache\logging\log4j\log4j-api\2.24.3\log4j-api-2.24.3.jar;C:\Users\dell G15\.m2\repository\org\slf4j\jul-to-slf4j\2.0.17\jul-to-slf4j-2.0.17.jar;C:\Users\dell G15\.m2\repository\jakarta\annotation\jakarta.annotation-api\2.1.1\jakarta.annotation-api-2.1.1.jar;C:\Users\dell G15\.m2\repository\org\yaml\snakeyaml\2.4\snakeyaml-2.4.jar;C:\Users\dell G15\.m2\repository\org\springframework\boot\spring-boot-starter-jdbc\3.5.6\spring-boot-starter-jdbc-3.5.6.jar;C:\Users\dell G15\.m2\repository\com\zaxxer\HikariCP\6.3.3\HikariCP-6.3.3.jar;C:\Users\dell G15\.m2\repository\org\springframework\spring-jdbc\6.2.11\spring-jdbc-6.2.11.jar;C:\Users\dell G15\.m2\repository\org\hibernate\orm\hibernate-core\6.6.29.Final\hibernate-core-6.6.29.Final.jar;C:\Users\dell G15\.m2\repository\jakarta\persistence\jakarta.persistence-api\3.1.0\jakarta.persistence-api-3.1.0.jar;C:\Users\dell G15\.m2\repository\jakarta\transaction\jakarta.transaction-api\2.0.1\jakarta.transaction-api-2.0.1.jar;C:\Users\dell G15\.m2\repository\org\jboss\logging\jboss-logging\3.6.1.Final\jboss-logging-3.6.1.Final.jar;C:\Users\dell G15\.m2\repository\org\hibernate\common\hibernate-commons-annotations\7.0.3.Final\hibernate-commons-annotations-7.0.3.Final.jar;C:\Users\dell G15\.m2\repository\io\smallrye\jandex\3.2.0\jandex-3.2.0.jar;C:\Users\dell G15\.m2\repository\com\fasterxml\classmate\1.7.0\classmate-1.7.0.jar;C:\Users\dell G15\.m2\repository\net\bytebuddy\byte-buddy\1.17.7\byte-buddy-1.17.7.jar;C:\Users\dell G15\.m2\repository\org\glassfish\jaxb\jaxb-runtime\4.0.5\jaxb-runtime-4.0.5.jar;C:\Users\dell G15\.m2\repository\org\glassfish\jaxb\jaxb-core\4.0.5\jaxb-core-4.0.5.jar;C:\Users\dell G15\.m2\repository\org\eclipse\angus\angus-activation\2.0.2\angus-activation-2.0.2.jar;C:\Users\dell G15\.m2\repository\org\glassfish\jaxb\txw2\4.0.5\txw2-4.0.5.jar;C:\Users\dell G15\.m2\repository\com\sun\istack\istack-commons-runtime\4.1.2\istack-commons-runtime-4.1.2.jar;C:\Users\dell G15\.m2\repository\jakarta\inject\jakarta.inject-api\2.0.1\jakarta.inject-api-2.0.1.jar;C:\Users\dell G15\.m2\repository\org\antlr\antlr4-runtime\4.13.0\antlr4-runtime-4.13.0.jar;C:\Users\dell G15\.m2\repository\org\springframework\data\spring-data-jpa\3.5.4\spring-data-jpa-3.5.4.jar;C:\Users\dell G15\.m2\repository\org\springframework\data\spring-data-commons\3.5.4\spring-data-commons-3.5.4.jar;C:\Users\dell G15\.m2\repository\org\springframework\spring-orm\6.2.11\spring-orm-6.2.11.jar;C:\Users\dell G15\.m2\repository\org\springframework\spring-context\6.2.11\spring-context-6.2.11.jar;C:\Users\dell G15\.m2\repository\org\springframework\spring-aop\6.2.11\spring-aop-6.2.11.jar;C:\Users\dell G15\.m2\repository\org\springframework\spring-tx\6.2.11\spring-tx-6.2.11.jar;C:\Users\dell G15\.m2\repository\org\springframework\spring-beans\6.2.11\spring-beans-6.2.11.jar;C:\Users\dell G15\.m2\repository\org\slf4j\slf4j-api\2.0.17\slf4j-api-2.0.17.jar;C:\Users\dell G15\.m2\repository\org\springframework\spring-aspects\6.2.11\spring-aspects-6.2.11.jar;C:\Users\dell G15\.m2\repository\org\aspectj\aspectjweaver\1.9.24\aspectjweaver-1.9.24.jar;C:\Users\dell G15\.m2\repository\org\springframework\boot\spring-boot-starter-validation\3.5.6\spring-boot-starter-validation-3.5.6.jar;C:\Users\dell G15\.m2\repository\org\apache\tomcat\embed\tomcat-embed-el\10.1.46\tomcat-embed-el-10.1.46.jar;C:\Users\dell G15\.m2\repository\org\hibernate\validator\hibernate-validator\8.0.3.Final\hibernate-validator-8.0.3.Final.jar;C:\Users\dell G15\.m2\repository\jakarta\validation\jakarta.validation-api\3.0.2\jakarta.validation-api-3.0.2.jar;C:\Users\dell G15\.m2\repository\org\springframework\boot\spring-boot-starter-web\3.5.6\spring-boot-starter-web-3.5.6.jar;C:\Users\dell G15\.m2\repository\org\springframework\boot\spring-boot-starter-json\3.5.6\spring-boot-starter-json-3.5.6.jar;C:\Users\dell G15\.m2\repository\com\fasterxml\jackson\core\jackson-databind\2.19.2\jackson-databind-2.19.2.jar;C:\Users\dell G15\.m2\repository\com\fasterxml\jackson\datatype\jackson-datatype-jdk8\2.19.2\jackson-datatype-jdk8-2.19.2.jar;C:\Users\dell G15\.m2\repository\com\fasterxml\jackson\datatype\jackson-datatype-jsr310\2.19.2\jackson-datatype-jsr310-2.19.2.jar;C:\Users\dell G15\.m2\repository\com\fasterxml\jackson\module\jackson-module-parameter-names\2.19.2\jackson-module-parameter-names-2.19.2.jar;C:\Users\dell G15\.m2\repository\org\springframework\boot\spring-boot-starter-tomcat\3.5.6\spring-boot-starter-tomcat-3.5.6.jar;C:\Users\dell G15\.m2\repository\org\apache\tomcat\embed\tomcat-embed-core\10.1.46\tomcat-embed-core-10.1.46.jar;C:\Users\dell G15\.m2\repository\org\apache\tomcat\embed\tomcat-embed-websocket\10.1.46\tomcat-embed-websocket-10.1.46.jar;C:\Users\dell G15\.m2\repository\org\springframework\spring-web\6.2.11\spring-web-6.2.11.jar;C:\Users\dell G15\.m2\repository\io\micrometer\micrometer-observation\1.15.4\micrometer-observation-1.15.4.jar;C:\Users\dell G15\.m2\repository\io\micrometer\micrometer-commons\1.15.4\micrometer-commons-1.15.4.jar;C:\Users\dell G15\.m2\repository\org\springframework\spring-webmvc\6.2.11\spring-webmvc-6.2.11.jar;C:\Users\dell G15\.m2\repository\org\springframework\spring-expression\6.2.11\spring-expression-6.2.11.jar;C:\Users\dell G15\.m2\repository\org\springframework\cloud\spring-cloud-starter-netflix-eureka-client\4.3.0\spring-cloud-starter-netflix-eureka-client-4.3.0.jar;C:\Users\dell G15\.m2\repository\org\springframework\cloud\spring-cloud-starter\4.3.0\spring-cloud-starter-4.3.0.jar;C:\Users\dell G15\.m2\repository\org\springframework\cloud\spring-cloud-context\4.3.0\spring-cloud-context-4.3.0.jar;C:\Users\dell G15\.m2\repository\org\springframework\security\spring-security-crypto\6.5.5\spring-security-crypto-6.5.5.jar;C:\Users\dell G15\.m2\repository\org\springframework\cloud\spring-cloud-commons\4.3.0\spring-cloud-commons-4.3.0.jar;C:\Users\dell G15\.m2\repository\org\bouncycastle\bcprov-jdk18on\1.80\bcprov-jdk18on-1.80.jar;C:\Users\dell G15\.m2\repository\org\springframework\cloud\spring-cloud-netflix-eureka-client\4.3.0\spring-cloud-netflix-eureka-client-4.3.0.jar;C:\Users\dell G15\.m2\repository\org\apache\httpcomponents\client5\httpclient5\5.5\httpclient5-5.5.jar;C:\Users\dell G15\.m2\repository\org\apache\httpcomponents\core5\httpcore5\5.3.5\httpcore5-5.3.5.jar;C:\Users\dell G15\.m2\repository\org\apache\httpcomponents\core5\httpcore5-h2\5.3.5\httpcore5-h2-5.3.5.jar;C:\Users\dell G15\.m2\repository\com\netflix\eureka\eureka-client\2.0.4\eureka-client-2.0.4.jar;C:\Users\dell G15\.m2\repository\com\thoughtworks\xstream\xstream\1.4.20\xstream-1.4.20.jar;C:\Users\dell G15\.m2\repository\io\github\x-stream\mxparser\1.2.2\mxparser-1.2.2.jar;C:\Users\dell G15\.m2\repository\xmlpull\xmlpull\1.1.3.1\xmlpull-1.1.3.1.jar;C:\Users\dell G15\.m2\repository\jakarta\ws\rs\jakarta.ws.rs-api\3.1.0\jakarta.ws.rs-api-3.1.0.jar;C:\Users\dell G15\.m2\repository\com\netflix\spectator\spectator-api\1.7.3\spectator-api-1.7.3.jar;C:\Users\dell G15\.m2\repository\org\apache\httpcomponents\httpclient\4.5.3\httpclient-4.5.3.jar;C:\Users\dell G15\.m2\repository\org\apache\httpcomponents\httpcore\4.4.16\httpcore-4.4.16.jar;C:\Users\dell G15\.m2\repository\commons-codec\commons-codec\1.18.0\commons-codec-1.18.0.jar;C:\Users\dell G15\.m2\repository\commons-configuration\commons-configuration\1.10\commons-configuration-1.10.jar;C:\Users\dell G15\.m2\repository\commons-lang\commons-lang\2.6\commons-lang-2.6.jar;C:\Users\dell G15\.m2\repository\com\fasterxml\jackson\core\jackson-annotations\2.19.2\jackson-annotations-2.19.2.jar;C:\Users\dell G15\.m2\repository\com\fasterxml\jackson\core\jackson-core\2.19.2\jackson-core-2.19.2.jar;C:\Users\dell G15\.m2\repository\com\netflix\netflix-commons\netflix-eventbus\0.3.0\netflix-eventbus-0.3.0.jar;C:\Users\dell G15\.m2\repository\com\netflix\netflix-commons\netflix-infix\0.3.0\netflix-infix-0.3.0.jar;C:\Users\dell G15\.m2\repository\commons-jxpath\commons-jxpath\1.3\commons-jxpath-1.3.jar;C:\Users\dell G15\.m2\repository\joda-time\joda-time\2.3\joda-time-2.3.jar;C:\Users\dell G15\.m2\repository\org\antlr\antlr-runtime\3.4\antlr-runtime-3.4.jar;C:\Users\dell G15\.m2\repository\org\antlr\stringtemplate\3.2.1\stringtemplate-3.2.1.jar;C:\Users\dell G15\.m2\repository\antlr\antlr\2.7.7\antlr-2.7.7.jar;C:\Users\dell G15\.m2\repository\com\google\guava\guava\14.0.1\guava-14.0.1.jar;C:\Users\dell G15\.m2\repository\com\google\code\gson\gson\2.13.2\gson-2.13.2.jar;C:\Users\dell G15\.m2\repository\com\google\errorprone\error_prone_annotations\2.41.0\error_prone_annotations-2.41.0.jar;C:\Users\dell G15\.m2\repository\com\netflix\servo\servo-core\0.5.3\servo-core-0.5.3.jar;C:\Users\dell G15\.m2\repository\org\apache\commons\commons-math\2.2\commons-math-2.2.jar;C:\Users\dell G15\.m2\repository\javax\annotation\javax.annotation-api\1.2\javax.annotation-api-1.2.jar;C:\Users\dell G15\.m2\repository\org\codehaus\jettison\jettison\1.5.4\jettison-1.5.4.jar;C:\Users\dell G15\.m2\repository\org\springframework\cloud\spring-cloud-starter-loadbalancer\4.3.0\spring-cloud-starter-loadbalancer-4.3.0.jar;C:\Users\dell G15\.m2\repository\org\springframework\cloud\spring-cloud-loadbalancer\4.3.0\spring-cloud-loadbalancer-4.3.0.jar;C:\Users\dell G15\.m2\repository\io\projectreactor\reactor-core\3.7.11\reactor-core-3.7.11.jar;C:\Users\dell G15\.m2\repository\org\reactivestreams\reactive-streams\1.0.4\reactive-streams-1.0.4.jar;C:\Users\dell G15\.m2\repository\io\projectreactor\addons\reactor-extra\3.5.3\reactor-extra-3.5.3.jar;C:\Users\dell G15\.m2\repository\org\springframework\boot\spring-boot-starter-cache\3.5.6\spring-boot-starter-cache-3.5.6.jar;C:\Users\dell G15\.m2\repository\org\springframework\spring-context-support\6.2.11\spring-context-support-6.2.11.jar;C:\Users\dell G15\.m2\repository\com\stoyanr\evictor\1.0.0\evictor-1.0.0.jar;C:\Users\dell G15\.m2\repository\org\springframework\boot\spring-boot-devtools\3.5.6\spring-boot-devtools-3.5.6.jar;C:\Users\dell G15\.m2\repository\org\springframework\boot\spring-boot\3.5.6\spring-boot-3.5.6.jar;C:\Users\dell G15\.m2\repository\org\springframework\boot\spring-boot-autoconfigure\3.5.6\spring-boot-autoconfigure-3.5.6.jar;C:\Users\dell G15\.m2\repository\com\mysql\mysql-connector-j\9.4.0\mysql-connector-j-9.4.0.jar;C:\Users\dell G15\.m2\repository\org\projectlombok\lombok\1.18.40\lombok-1.18.40.jar;C:\Users\dell G15\.m2\repository\jakarta\xml\bind\jakarta.xml.bind-api\4.0.2\jakarta.xml.bind-api-4.0.2.jar;C:\Users\dell G15\.m2\repository\jakarta\activation\jakarta.activation-api\2.1.4\jakarta.activation-api-2.1.4.jar;C:\Users\dell G15\.m2\repository\org\springframework\spring-core\6.2.11\spring-core-6.2.11.jar;C:\Users\dell G15\.m2\repository\org\springframework\spring-jcl\6.2.11\spring-jcl-6.2.11.jar;C:\Users\dell G15\.m2\repository\org\mapstruct\mapstruct\1.5.5.Final\mapstruct-1.5.5.Final.jar
Launcher Type: SUN_STANDARD

[Global flags]
     intx CICompilerCount                          = 4                                         {product} {ergonomic}
     uint ConcGCThreads                            = 3                                         {product} {ergonomic}
     uint G1ConcRefinementThreads                  = 10                                        {product} {ergonomic}
   size_t G1HeapRegionSize                         = 2097152                                   {product} {ergonomic}
    uintx GCDrainStackTargetSize                   = 64                                        {product} {ergonomic}
   size_t InitialHeapSize                          = 264241152                                 {product} {ergonomic}
   size_t MarkStackSize                            = 4194304                                   {product} {ergonomic}
   size_t MaxHeapSize                              = 4223664128                                {product} {ergonomic}
   size_t MaxNewSize                               = 2533359616                                {product} {ergonomic}
   size_t MinHeapDeltaBytes                        = 2097152                                   {product} {ergonomic}
   size_t MinHeapSize                              = 8388608                                   {product} {ergonomic}
    uintx NonNMethodCodeHeapSize                   = 5839372                                {pd product} {ergonomic}
    uintx NonProfiledCodeHeapSize                  = 122909434                              {pd product} {ergonomic}
    uintx ProfiledCodeHeapSize                     = 122909434                              {pd product} {ergonomic}
    uintx ReservedCodeCacheSize                    = 251658240                              {pd product} {ergonomic}
     bool SegmentedCodeCache                       = true                                      {product} {ergonomic}
   size_t SoftMaxHeapSize                          = 4223664128                             {manageable} {ergonomic}
     bool UseCompressedOops                        = true                           {product lp64_product} {ergonomic}
     bool UseG1GC                                  = true                                      {product} {ergonomic}
     bool UseLargePagesIndividualAllocation        = false                                  {pd product} {ergonomic}

Logging:
Log output configuration:
 #0: stdout all=warning uptime,level,tags foldmultilines=false
 #1: stderr all=off uptime,level,tags foldmultilines=false

Environment Variables:
JAVA_HOME=C:\Program Files\Java\jdk-22
PATH=C:\Program Files (x86)\VMware\VMware Workstation\bin\;C:\Program Files\Common Files\Oracle\Java\javapath;C:\WINDOWS\system32;C:\WINDOWS;C:\WINDOWS\System32\Wbem;C:\WINDOWS\System32\WindowsPowerShell\v1.0\;C:\WINDOWS\System32\OpenSSH\;C:\Program Files\Java\jdk-24\bin;C:\Program Files (x86)\Microsoft SQL Server\160\DTS\Binn\;C:\Program Files\Azure Data Studio\bin;C:\Program Files (x86)\Microsoft SQL Server\160\Tools\Binn\;C:\Program Files\Microsoft SQL Server\160\Tools\Binn\;C:\Program Files\Microsoft SQL Server\Client SDK\ODBC\170\Tools\Binn\;C:\Program Files\Microsoft SQL Server\160\DTS\Binn\;C:\Program Files\Java\jdk-22\;C:\Program Files\Java\jdk-17\bin;C:\Program Files (x86)\Rational\common;C:\MinGW\bin;C:\Program Files\Git\cmd;C:\Users\dell G15\AppData\Local\Microsoft\WindowsApps;C:\Users\dell G15\AppData\Local\Programs\Microsoft VS Code\bin;C:\msys64\ucrt64\bin;;C:\Program Files\Azure Data Studio\bin;C:\Users\dell G15\AppData\Local\Programs\cursor\resources\app\bin
USERNAME=dell G15
OS=Windows_NT
PROCESSOR_IDENTIFIER=Intel64 Family 6 Model 141 Stepping 1, GenuineIntel
TMP=C:\Users\DELLG1~1\AppData\Local\Temp
TEMP=C:\Users\DELLG1~1\AppData\Local\Temp




Periodic native trim disabled

---------------  S Y S T E M  ---------------

OS:
 Windows 11 , 64 bit Build 22000 (10.0.22000.2538)
OS uptime: 2 days 13:49 hours
Hyper-V role detected

CPU: total 12 (initial active 12) (6 cores per cpu, 2 threads per core) family 6 model 141 stepping 1 microcode 0x56, cx8, cmov, fxsr, ht, mmx, 3dnowpref, sse, sse2, sse3, ssse3, sse4.1, sse4.2, popcnt, lzcnt, tsc, tscinvbit, avx, avx2, aes, erms, clmul, bmi1, bmi2, adx, avx512f, avx512dq, avx512cd, avx512bw, avx512vl, sha, fma, vzeroupper, avx512_vpopcntdq, avx512_vpclmulqdq, avx512_vaes, avx512_vnni, clflush, clflushopt, clwb, avx512_vbmi2, avx512_vbmi, hv, rdtscp, rdpid, fsrm, gfni, avx512_bitalg, f16c, cet_ibt, cet_ss, avx512_ifma
Processor Information for all 12 processors :
  Max Mhz: 2611, Current Mhz: 2611, Mhz Limit: 2611

Memory: 4k page, system-wide physical 16110M (2833M free)
TotalPageFile size 39185M (AvailPageFile size 5M)
current process WorkingSet (physical memory assigned to process): 350M, peak: 355M
current process commit charge ("private bytes"): 393M, peak: 407M

vm_info: Java HotSpot(TM) 64-Bit Server VM (21.0.7+8-LTS-245) for windows-amd64 JRE (21.0.7+8-LTS-245), built on 2025-02-21T05:11:27Z by "mach5one" with MS VC++ 17.6 (VS2022)

END.
